<?xml version="1.0" encoding="UTF-8"?>
<!-- Generated by org.testng.reporters.JUnitReportReporter -->
<testsuite hostname="Akhila" failures="0" tests="5" name="MiniProject.FaceBookLogin" time="0.078" errors="1" timestamp="2026-01-12T17:36:07 IST" skipped="1">
  <testcase classname="MiniProject.FaceBookLogin" name="verifyTitle" time="0.014"/>
  <testcase classname="MiniProject.FaceBookLogin" name="verifyTitle" time="0.015"/>
  <testcase classname="MiniProject.FaceBookLogin" name="verifyTitle" time="0.028"/>
  <testcase classname="MiniProject.FaceBookLogin" name="setup" time="0.021">
    <error message="Browser not supported: brave" type="java.lang.IllegalArgumentException">
      <![CDATA[java.lang.IllegalArgumentException: Browser not supported: brave
at MiniProject.FaceBookLogin.setup(FaceBookLogin.java:50)
at java.base/jdk.internal.reflect.DirectMethodHandleAccessor.invoke(DirectMethodHandleAccessor.java:104)
at java.base/java.lang.reflect.Method.invoke(Method.java:565)
at org.testng.internal.invokers.MethodInvocationHelper.invokeMethod(MethodInvocationHelper.java:141)
at org.testng.internal.invokers.MethodInvocationHelper.invokeMethodConsideringTimeout(MethodInvocationHelper.java:71)
at org.testng.internal.invokers.ConfigInvoker.invokeConfigurationMethod(ConfigInvoker.java:400)
at org.testng.internal.invokers.ConfigInvoker.invokeConfigurations(ConfigInvoker.java:333)
at org.testng.TestRunner.invokeTestConfigurations(TestRunner.java:657)
at org.testng.TestRunner.beforeRun(TestRunner.java:646)
at org.testng.TestRunner.run(TestRunner.java:612)
at org.testng.SuiteRunner.runTest(SuiteRunner.java:421)
at org.testng.SuiteRunner$SuiteWorker.run(SuiteRunner.java:463)
at org.testng.internal.thread.ThreadUtil.lambda$execute$0(ThreadUtil.java:64)
at java.base/java.util.concurrent.FutureTask.run(FutureTask.java:328)
at java.base/java.util.concurrent.ThreadPoolExecutor.runWorker(ThreadPoolExecutor.java:1090)
at java.base/java.util.concurrent.ThreadPoolExecutor$Worker.run(ThreadPoolExecutor.java:614)
at java.base/java.lang.Thread.run(Thread.java:1474)
]]>
    </error>
  </testcase> <!-- setup -->
  <testcase classname="MiniProject.FaceBookLogin" name="verifyTitle" time="0.000">
    <skipped/>
  </testcase> <!-- verifyTitle -->
</testsuite> <!-- MiniProject.FaceBookLogin -->
