<?xml version="1.0" encoding="UTF-8"?>
<!-- Generated by org.testng.reporters.JUnitXMLReporter -->
<testsuite ignored="0" hostname="Akhila" failures="0" tests="1" name="OperaTest" time="0.09" errors="0" timestamp="2026-01-12T17:22:28 IST">
  <testcase classname="MiniProject.FaceBookLogin" name="@BeforeTest setup" time="0.02">
    <failure type="java.lang.IllegalArgumentException" message="Browser not supported: brave">
      <![CDATA[java.lang.IllegalArgumentException: Browser not supported: brave
at MiniProject.FaceBookLogin.setup(FaceBookLogin.java:50)
at java.base/java.util.concurrent.FutureTask.run(FutureTask.java:328)
at java.base/java.util.concurrent.ThreadPoolExecutor.runWorker(ThreadPoolExecutor.java:1090)
at java.base/java.util.concurrent.ThreadPoolExecutor$Worker.run(ThreadPoolExecutor.java:614)
at java.base/java.lang.Thread.run(Thread.java:1474)
... Removed 12 stack frames]]>
    </failure>
  </testcase> <!-- @BeforeTest setup -->
  <testcase classname="MiniProject.FaceBookLogin" name="verifyTitle" time="0.001">
    <skipped/>
  </testcase> <!-- verifyTitle -->
</testsuite> <!-- OperaTest -->
